TN:
SF:/Users/shogo/Program/node-sample/01-babel-webpack-karma/src/CanvasController.js
FN:11,_interopRequireWildcard
FN:13,_classCallCheck
FN:15,CanvasController
FNF:3
FNH:3
FNDA:1,_interopRequireWildcard
FNDA:1,_classCallCheck
FNDA:1,CanvasController
DA:3,1
DA:7,1
DA:9,1
DA:11,1
DA:13,1
DA:15,1
DA:16,1
DA:18,1
DA:19,1
DA:22,1
LF:10
LH:10
BRDA:11,0,0,1
BRDA:11,0,1,0
BRDA:11,1,0,1
BRDA:11,1,1,1
BRDA:11,2,0,0
BRDA:11,2,1,0
BRDA:11,3,0,0
BRDA:11,3,1,0
BRDA:13,4,0,0
BRDA:13,4,1,1
BRF:10
BRH:4
end_of_record
TN:
SF:/Users/shogo/Program/node-sample/01-babel-webpack-karma/test/CanvasController.karma.js
FN:11,_interopRequireDefault
FN:13,(anonymous_1)
FN:14,(anonymous_2)
FN:15,(anonymous_3)
FNF:4
FNH:4
FNDA:2,_interopRequireDefault
FNDA:1,(anonymous_1)
FNDA:1,(anonymous_2)
FNDA:1,(anonymous_3)
DA:3,1
DA:5,1
DA:7,1
DA:9,1
DA:11,2
DA:13,1
DA:14,1
DA:15,1
DA:16,1
DA:17,1
DA:18,1
DA:19,1
LF:12
LH:12
BRDA:11,0,0,1
BRDA:11,0,1,1
BRDA:11,1,0,2
BRDA:11,1,1,2
BRF:4
BRH:4
end_of_record
